Performing C SOURCE FILE Test CMAKE_HAVE_LIBC_PTHREAD failed with the following output:
Change Dir: /home/leb/team2/build/CMakeFiles/CMakeTmp

Run Build Command(s):/usr/bin/gmake cmTC_3a080/fast && /usr/bin/gmake  -f CMakeFiles/cmTC_3a080.dir/build.make CMakeFiles/cmTC_3a080.dir/build
gmake[1]: Entering directory '/home/leb/team2/build/CMakeFiles/CMakeTmp'
Building C object CMakeFiles/cmTC_3a080.dir/src.c.o
/usr/bin/x86_64-redhat-linux-gcc-8   -DCMAKE_HAVE_LIBC_PTHREAD -o CMakeFiles/cmTC_3a080.dir/src.c.o -c /home/leb/team2/build/CMakeFiles/CMakeTmp/src.c
Linking C executable cmTC_3a080
/usr/bin/cmake -E cmake_link_script CMakeFiles/cmTC_3a080.dir/link.txt --verbose=1
/usr/bin/x86_64-redhat-linux-gcc-8  -DCMAKE_HAVE_LIBC_PTHREAD CMakeFiles/cmTC_3a080.dir/src.c.o -o cmTC_3a080 
/usr/bin/ld: CMakeFiles/cmTC_3a080.dir/src.c.o: in function `main':
src.c:(.text+0x2d): undefined reference to `pthread_create'
/usr/bin/ld: src.c:(.text+0x39): undefined reference to `pthread_detach'
/usr/bin/ld: src.c:(.text+0x45): undefined reference to `pthread_cancel'
/usr/bin/ld: src.c:(.text+0x56): undefined reference to `pthread_join'
collect2: error: ld returned 1 exit status
gmake[1]: *** [CMakeFiles/cmTC_3a080.dir/build.make:106: cmTC_3a080] Error 1
gmake[1]: Leaving directory '/home/leb/team2/build/CMakeFiles/CMakeTmp'
gmake: *** [Makefile:140: cmTC_3a080/fast] Error 2


Source file was:
#include <pthread.h>

void* test_func(void* data)
{
  return data;
}

int main(void)
{
  pthread_t thread;
  pthread_create(&thread, NULL, test_func, NULL);
  pthread_detach(thread);
  pthread_cancel(thread);
  pthread_join(thread, NULL);
  pthread_atfork(NULL, NULL, NULL);
  pthread_exit(NULL);

  return 0;
}

Determining if the function pthread_create exists in the pthreads failed with the following output:
Change Dir: /home/leb/team2/build/CMakeFiles/CMakeTmp

Run Build Command(s):/usr/bin/gmake cmTC_4eb96/fast && /usr/bin/gmake  -f CMakeFiles/cmTC_4eb96.dir/build.make CMakeFiles/cmTC_4eb96.dir/build
gmake[1]: Entering directory '/home/leb/team2/build/CMakeFiles/CMakeTmp'
Building C object CMakeFiles/cmTC_4eb96.dir/CheckFunctionExists.c.o
/usr/bin/x86_64-redhat-linux-gcc-8   -DCHECK_FUNCTION_EXISTS=pthread_create -o CMakeFiles/cmTC_4eb96.dir/CheckFunctionExists.c.o -c /usr/share/cmake/Modules/CheckFunctionExists.c
Linking C executable cmTC_4eb96
/usr/bin/cmake -E cmake_link_script CMakeFiles/cmTC_4eb96.dir/link.txt --verbose=1
/usr/bin/x86_64-redhat-linux-gcc-8  -DCHECK_FUNCTION_EXISTS=pthread_create CMakeFiles/cmTC_4eb96.dir/CheckFunctionExists.c.o -o cmTC_4eb96  -lpthreads 
/usr/bin/ld: cannot find -lpthreads
collect2: error: ld returned 1 exit status
gmake[1]: *** [CMakeFiles/cmTC_4eb96.dir/build.make:106: cmTC_4eb96] Error 1
gmake[1]: Leaving directory '/home/leb/team2/build/CMakeFiles/CMakeTmp'
gmake: *** [Makefile:140: cmTC_4eb96/fast] Error 2



